<?xml version="1.0" encoding="UTF-8"?>
<!-- Generated by org.testng.reporters.JUnitXMLReporter -->
<testsuite hostname="johns-mbp-2" name="Default test" tests="22" failures="0" timestamp="10 Jun 2015 01:29:47 GMT" time="0.389" errors="0">
  <testcase name="negativeOrZeroEmitFrequencyShouldThrowIAE" time="0.181" classname="storm.starter.bolt.IntermediateRankingsBoltTest"/>
  <testcase name="negativeOrZeroEmitFrequencyShouldThrowIAE" time="0.001" classname="storm.starter.bolt.IntermediateRankingsBoltTest"/>
  <testcase name="negativeOrZeroEmitFrequencyShouldThrowIAE" time="0.001" classname="storm.starter.bolt.IntermediateRankingsBoltTest"/>
  <testcase name="negativeOrZeroEmitFrequencyShouldThrowIAE" time="0.0" classname="storm.starter.bolt.IntermediateRankingsBoltTest"/>
  <testcase name="negativeOrZeroEmitFrequencyShouldThrowIAE" time="0.001" classname="storm.starter.bolt.IntermediateRankingsBoltTest"/>
  <testcase name="negativeOrZeroTopNShouldThrowIAE" time="0.001" classname="storm.starter.bolt.IntermediateRankingsBoltTest"/>
  <testcase name="negativeOrZeroTopNShouldThrowIAE" time="0.001" classname="storm.starter.bolt.IntermediateRankingsBoltTest"/>
  <testcase name="negativeOrZeroTopNShouldThrowIAE" time="0.0" classname="storm.starter.bolt.IntermediateRankingsBoltTest"/>
  <testcase name="negativeOrZeroTopNShouldThrowIAE" time="0.001" classname="storm.starter.bolt.IntermediateRankingsBoltTest"/>
  <testcase name="negativeOrZeroTopNShouldThrowIAE" time="0.0" classname="storm.starter.bolt.IntermediateRankingsBoltTest"/>
  <testcase name="positiveEmitFrequencyShouldBeOk" time="0.006" classname="storm.starter.bolt.IntermediateRankingsBoltTest"/>
  <testcase name="positiveEmitFrequencyShouldBeOk" time="0.0" classname="storm.starter.bolt.IntermediateRankingsBoltTest"/>
  <testcase name="positiveEmitFrequencyShouldBeOk" time="0.0" classname="storm.starter.bolt.IntermediateRankingsBoltTest"/>
  <testcase name="positiveEmitFrequencyShouldBeOk" time="0.001" classname="storm.starter.bolt.IntermediateRankingsBoltTest"/>
  <testcase name="positiveTopNShouldBeOk" time="0.001" classname="storm.starter.bolt.IntermediateRankingsBoltTest"/>
  <testcase name="positiveTopNShouldBeOk" time="0.001" classname="storm.starter.bolt.IntermediateRankingsBoltTest"/>
  <testcase name="positiveTopNShouldBeOk" time="0.0" classname="storm.starter.bolt.IntermediateRankingsBoltTest"/>
  <testcase name="positiveTopNShouldBeOk" time="0.0" classname="storm.starter.bolt.IntermediateRankingsBoltTest"/>
  <testcase name="shouldDeclareOutputFields" time="0.11" classname="storm.starter.bolt.IntermediateRankingsBoltTest"/>
  <testcase name="shouldEmitNothingIfNormalTupleIsReceived" time="0.034" classname="storm.starter.bolt.IntermediateRankingsBoltTest"/>
  <testcase name="shouldEmitSomethingIfTickTupleIsReceived" time="0.005" classname="storm.starter.bolt.IntermediateRankingsBoltTest"/>
  <testcase name="shouldSetTickTupleFrequencyInComponentConfigurationToNonZeroValue" time="0.009" classname="storm.starter.bolt.IntermediateRankingsBoltTest"/>
</testsuite> <!-- Default test -->
